TN:
SF:/Users/huzhen/Documents/JOU/新餐饮/codes/marketing-plugin-devtool/packages/view-program-lib/src/index.ts
FN:20,(anonymous_0)
FNF:1
FNH:0
FNDA:0,(anonymous_0)
DA:2,0
DA:3,0
DA:4,0
DA:5,0
DA:6,0
DA:7,0
DA:8,0
DA:9,0
DA:10,0
DA:11,0
DA:12,0
DA:13,0
DA:14,0
DA:15,0
DA:16,0
DA:17,0
DA:18,0
DA:20,0
DA:21,0
DA:32,0
DA:33,0
DA:38,0
LF:22
LH:0
BRDA:17,0,0,0
BRDA:17,0,1,0
BRDA:17,1,0,0
BRDA:17,1,1,0
BRDA:20,2,0,0
BRDA:20,2,1,0
BRDA:27,3,0,0
BRDA:27,3,1,0
BRDA:32,4,0,0
BRDA:32,4,1,0
BRF:10
BRH:0
end_of_record
TN:
SF:/Users/huzhen/Documents/JOU/新餐饮/codes/marketing-plugin-devtool/packages/view-program-lib/src/page.ts
FN:13,Page
FN:34,(anonymous_1)
FN:46,(anonymous_2)
FN:55,(anonymous_3)
FN:76,(anonymous_4)
FN:86,(anonymous_5)
FNF:6
FNH:0
FNDA:0,Page
FNDA:0,(anonymous_1)
FNDA:0,(anonymous_2)
FNDA:0,(anonymous_3)
FNDA:0,(anonymous_4)
FNDA:0,(anonymous_5)
DA:2,0
DA:3,0
DA:4,0
DA:5,0
DA:6,0
DA:7,0
DA:8,0
DA:9,0
DA:10,0
DA:11,0
DA:12,0
DA:14,0
DA:15,0
DA:16,0
DA:17,0
DA:30,0
DA:31,0
DA:32,0
DA:33,0
DA:34,0
DA:35,0
DA:36,0
DA:40,0
DA:41,0
DA:42,0
DA:43,0
DA:45,0
DA:46,0
DA:47,0
DA:48,0
DA:51,0
DA:52,0
DA:53,0
DA:54,0
DA:55,0
DA:56,0
DA:57,0
DA:59,0
DA:62,0
DA:67,0
DA:68,0
DA:70,0
DA:71,0
DA:72,0
DA:73,0
DA:75,0
DA:76,0
DA:77,0
DA:78,0
DA:83,0
DA:86,0
DA:89,0
LF:52
LH:0
BRDA:14,0,0,0
BRDA:14,0,1,0
BRDA:15,1,0,0
BRDA:15,1,1,0
BRDA:16,2,0,0
BRDA:16,2,1,0
BRDA:24,3,0,0
BRDA:24,3,1,0
BRDA:25,4,0,0
BRDA:25,4,1,0
BRDA:26,5,0,0
BRDA:26,5,1,0
BRDA:31,6,0,0
BRDA:31,6,1,0
BRDA:31,7,0,0
BRDA:31,7,1,0
BRDA:31,7,2,0
BRDA:35,8,0,0
BRDA:35,8,1,0
BRDA:35,9,0,0
BRDA:35,9,1,0
BRDA:35,9,2,0
BRDA:41,10,0,0
BRDA:41,10,1,0
BRDA:41,11,0,0
BRDA:41,11,1,0
BRDA:45,12,0,0
BRDA:45,12,1,0
BRDA:45,13,0,0
BRDA:45,13,1,0
BRDA:53,14,0,0
BRDA:53,14,1,0
BRDA:67,15,0,0
BRDA:67,15,1,0
BRDA:70,16,0,0
BRDA:70,16,1,0
BRDA:72,17,0,0
BRDA:72,17,1,0
BRDA:75,18,0,0
BRDA:75,18,1,0
BRDA:77,19,0,0
BRDA:77,19,1,0
BRF:42
BRH:0
end_of_record
